<?xml version="1.0" encoding="UTF-8"?>
<testsuite xmlns:xsi="http://www.w3.org/2001/XMLSchema-instance" xsi:noNamespaceSchemaLocation="https://maven.apache.org/surefire/maven-surefire-plugin/xsd/surefire-test-report-3.0.xsd" version="3.0" name="interview.data.structures.ListNodeTest" time="0.044" tests="1" errors="0" skipped="0" failures="0">
  <properties>
    <property name="java.specification.version" value="24"/>
    <property name="sun.jnu.encoding" value="UTF-8"/>
    <property name="java.class.path" value="/Users/daniel/Repos/java-interview-data-structures/target/test-classes:/Users/daniel/Repos/java-interview-data-structures/target/classes:/Users/daniel/.m2/repository/org/junit/jupiter/junit-jupiter/6.0.0-RC1/junit-jupiter-6.0.0-RC1.jar:/Users/daniel/.m2/repository/org/junit/jupiter/junit-jupiter-api/6.0.0-RC1/junit-jupiter-api-6.0.0-RC1.jar:/Users/daniel/.m2/repository/org/opentest4j/opentest4j/1.3.0/opentest4j-1.3.0.jar:/Users/daniel/.m2/repository/org/junit/platform/junit-platform-commons/6.0.0-RC1/junit-platform-commons-6.0.0-RC1.jar:/Users/daniel/.m2/repository/org/apiguardian/apiguardian-api/1.1.2/apiguardian-api-1.1.2.jar:/Users/daniel/.m2/repository/org/jspecify/jspecify/1.0.0/jspecify-1.0.0.jar:/Users/daniel/.m2/repository/org/junit/jupiter/junit-jupiter-params/6.0.0-RC1/junit-jupiter-params-6.0.0-RC1.jar:/Users/daniel/.m2/repository/org/junit/jupiter/junit-jupiter-engine/6.0.0-RC1/junit-jupiter-engine-6.0.0-RC1.jar:/Users/daniel/.m2/repository/org/junit/platform/junit-platform-engine/6.0.0-RC1/junit-platform-engine-6.0.0-RC1.jar:/Users/daniel/.m2/repository/org/assertj/assertj-core/4.0.0-M1/assertj-core-4.0.0-M1.jar:/Users/daniel/.m2/repository/net/bytebuddy/byte-buddy/1.17.1/byte-buddy-1.17.1.jar:"/>
    <property name="java.vm.vendor" value="Oracle Corporation"/>
    <property name="sun.arch.data.model" value="64"/>
    <property name="java.vendor.url" value="https://java.oracle.com/"/>
    <property name="os.name" value="Mac OS X"/>
    <property name="java.vm.specification.version" value="24"/>
    <property name="sun.java.launcher" value="SUN_STANDARD"/>
    <property name="user.country" value="US"/>
    <property name="sun.boot.library.path" value="/Users/daniel/.local/share/mise/installs/java/24.0.1/lib"/>
    <property name="sun.java.command" value="/Users/daniel/Repos/java-interview-data-structures/target/surefire/surefirebooter-20250824142954288_3.jar /Users/daniel/Repos/java-interview-data-structures/target/surefire 2025-08-24T14-29-54_259-jvmRun1 surefire-20250824142954288_1tmp surefire_0-20250824142954288_2tmp"/>
    <property name="http.nonProxyHosts" value="local|*.local|169.254/16|*.169.254/16"/>
    <property name="jdk.debug" value="release"/>
    <property name="surefire.test.class.path" value="/Users/daniel/Repos/java-interview-data-structures/target/test-classes:/Users/daniel/Repos/java-interview-data-structures/target/classes:/Users/daniel/.m2/repository/org/junit/jupiter/junit-jupiter/6.0.0-RC1/junit-jupiter-6.0.0-RC1.jar:/Users/daniel/.m2/repository/org/junit/jupiter/junit-jupiter-api/6.0.0-RC1/junit-jupiter-api-6.0.0-RC1.jar:/Users/daniel/.m2/repository/org/opentest4j/opentest4j/1.3.0/opentest4j-1.3.0.jar:/Users/daniel/.m2/repository/org/junit/platform/junit-platform-commons/6.0.0-RC1/junit-platform-commons-6.0.0-RC1.jar:/Users/daniel/.m2/repository/org/apiguardian/apiguardian-api/1.1.2/apiguardian-api-1.1.2.jar:/Users/daniel/.m2/repository/org/jspecify/jspecify/1.0.0/jspecify-1.0.0.jar:/Users/daniel/.m2/repository/org/junit/jupiter/junit-jupiter-params/6.0.0-RC1/junit-jupiter-params-6.0.0-RC1.jar:/Users/daniel/.m2/repository/org/junit/jupiter/junit-jupiter-engine/6.0.0-RC1/junit-jupiter-engine-6.0.0-RC1.jar:/Users/daniel/.m2/repository/org/junit/platform/junit-platform-engine/6.0.0-RC1/junit-platform-engine-6.0.0-RC1.jar:/Users/daniel/.m2/repository/org/assertj/assertj-core/4.0.0-M1/assertj-core-4.0.0-M1.jar:/Users/daniel/.m2/repository/net/bytebuddy/byte-buddy/1.17.1/byte-buddy-1.17.1.jar:"/>
    <property name="sun.cpu.endian" value="little"/>
    <property name="user.home" value="/Users/daniel"/>
    <property name="user.language" value="en"/>
    <property name="java.specification.vendor" value="Oracle Corporation"/>
    <property name="java.version.date" value="2025-04-15"/>
    <property name="java.home" value="/Users/daniel/.local/share/mise/installs/java/24.0.1"/>
    <property name="file.separator" value="/"/>
    <property name="basedir" value="/Users/daniel/Repos/java-interview-data-structures"/>
    <property name="java.vm.compressedOopsMode" value="Zero based"/>
    <property name="line.separator" value="&#10;"/>
    <property name="java.vm.specification.vendor" value="Oracle Corporation"/>
    <property name="java.specification.name" value="Java Platform API Specification"/>
    <property name="apple.awt.application.name" value="ForkedBooter"/>
    <property name="surefire.real.class.path" value="/Users/daniel/Repos/java-interview-data-structures/target/surefire/surefirebooter-20250824142954288_3.jar"/>
    <property name="sun.management.compiler" value="HotSpot 64-Bit Tiered Compilers"/>
    <property name="ftp.nonProxyHosts" value="local|*.local|169.254/16|*.169.254/16"/>
    <property name="java.runtime.version" value="24.0.1+9-30"/>
    <property name="user.name" value="daniel"/>
    <property name="stdout.encoding" value="UTF-8"/>
    <property name="path.separator" value=":"/>
    <property name="os.version" value="15.6"/>
    <property name="java.runtime.name" value="OpenJDK Runtime Environment"/>
    <property name="file.encoding" value="UTF-8"/>
    <property name="java.vm.name" value="OpenJDK 64-Bit Server VM"/>
    <property name="localRepository" value="/Users/daniel/.m2/repository"/>
    <property name="java.vendor.url.bug" value="https://bugreport.java.com/bugreport/"/>
    <property name="java.io.tmpdir" value="/var/folders/vt/mlpm8_m10c520w5jz5qrr9jw0000gn/T/"/>
    <property name="java.version" value="24.0.1"/>
    <property name="user.dir" value="/Users/daniel/Repos/java-interview-data-structures"/>
    <property name="os.arch" value="aarch64"/>
    <property name="java.vm.specification.name" value="Java Virtual Machine Specification"/>
    <property name="native.encoding" value="UTF-8"/>
    <property name="java.library.path" value="/Users/daniel/Library/Java/Extensions:/Library/Java/Extensions:/Network/Library/Java/Extensions:/System/Library/Java/Extensions:/usr/lib/java:."/>
    <property name="java.vm.info" value="mixed mode, sharing"/>
    <property name="stderr.encoding" value="UTF-8"/>
    <property name="java.vendor" value="Oracle Corporation"/>
    <property name="java.vm.version" value="24.0.1+9-30"/>
    <property name="sun.io.unicode.encoding" value="UnicodeBig"/>
    <property name="socksNonProxyHosts" value="local|*.local|169.254/16|*.169.254/16"/>
    <property name="java.class.version" value="68.0"/>
  </properties>
  <testcase name="listNodeOfMethodTest(Iterable, ListNode, String)[1]" classname="interview.data.structures.ListNodeTest" time="0.021"/>
</testsuite>